\BOOKMARK [1][-]{section*.1}{\376\377\000C\000o\000u\000r\000s\000e\000\040\000D\000e\000s\000c\000r\000i\000p\000t\000i\000o\000n}{}% 1
\BOOKMARK [2][-]{subsection*.2}{\376\377\000B\000r\000o\000a\000d\000\040\000g\000o\000a\000l\000s\000\040\000f\000o\000r\000\040\000t\000h\000e\000\040\000c\000o\000u\000r\000s\000e\000:}{section*.1}% 2
\BOOKMARK [1][-]{section*.3}{\376\377\000R\000e\000q\000u\000i\000r\000e\000d\000\040\000M\000a\000t\000e\000r\000i\000a\000l\000s}{}% 3
\BOOKMARK [2][-]{subsubsection*.4}{\376\377\000H\000o\000w\000\040\000t\000o\000\040\000u\000s\000e\000\040\000t\000h\000e\000\040\000r\000e\000q\000u\000i\000r\000e\000d\000\040\000t\000e\000x\000t\000:}{section*.3}% 4
\BOOKMARK [1][-]{section*.5}{\376\377\000C\000o\000u\000r\000s\000e\000\040\000A\000s\000s\000i\000g\000n\000m\000e\000n\000t\000s}{}% 5
\BOOKMARK [2][-]{subsection*.6}{\376\377\000E\000x\000a\000m\000s}{section*.5}% 6
\BOOKMARK [3][-]{subsubsection*.7}{\376\377\000T\000e\000s\000t\000\040\000D\000a\000t\000e\000s}{subsection*.6}% 7
\BOOKMARK [2][-]{subsection*.8}{\376\377\000S\000h\000o\000r\000t\000\040\000A\000s\000s\000i\000g\000n\000m\000e\000n\000t\000s}{section*.5}% 8
\BOOKMARK [3][-]{subsubsection*.9}{\376\377\000S\000h\000o\000r\000t\000\040\000A\000s\000s\000i\000g\000n\000m\000e\000n\000t\000\040\000D\000a\000t\000e\000s}{subsection*.8}% 9
\BOOKMARK [2][-]{subsection*.10}{\376\377\000G\000r\000a\000d\000i\000n\000g\000\040\000P\000o\000l\000i\000c\000y}{section*.5}% 10
\BOOKMARK [1][-]{section*.11}{\376\377\000C\000o\000u\000r\000s\000e\000\040\000P\000o\000l\000i\000c\000i\000e\000s}{}% 11
\BOOKMARK [2][-]{subsection*.12}{\376\377\000C\000l\000a\000s\000s\000\040\000P\000r\000e\000s\000e\000n\000c\000e\000\040\000a\000n\000d\000\040\000P\000a\000r\000t\000i\000c\000i\000p\000a\000t\000i\000o\000n\000.}{section*.11}% 12
\BOOKMARK [3][-]{subsubsection*.13}{\376\377\000E\000x\000c\000u\000s\000e\000d\000\040\000a\000b\000s\000e\000n\000c\000e\000s}{subsection*.12}% 13
\BOOKMARK [2][-]{subsection*.14}{\376\377\000A\000c\000a\000d\000e\000m\000i\000c\000\040\000D\000i\000s\000h\000o\000n\000e\000s\000t\000y\000\040\000P\000o\000l\000i\000c\000y}{section*.11}% 14
\BOOKMARK [2][-]{subsection*.15}{\376\377\000A\000c\000c\000o\000m\000m\000o\000d\000a\000t\000i\000o\000n\000s\000\040\000P\000o\000l\000i\000c\000y}{section*.11}% 15
\BOOKMARK [1][-]{section*.16}{\376\377\000C\000l\000a\000s\000s\000r\000o\000o\000m\000\040\000C\000l\000i\000m\000a\000t\000e}{}% 16
\BOOKMARK [2][-]{subsection*.17}{\376\377\000D\000e\000p\000a\000r\000t\000m\000e\000n\000t\000\040\000S\000t\000a\000t\000e\000m\000e\000n\000t}{section*.16}% 17
\BOOKMARK [1][-]{section*.18}{\376\377\000T\000e\000n\000t\000a\000t\000i\000v\000e\000\040\000C\000l\000a\000s\000s\000\040\000S\000c\000h\000e\000d\000u\000l\000e}{}% 18
\BOOKMARK [2][-]{subsection*.19}{\376\377\000W\000e\000e\000k\000\040\0000\0001\000,\000\040\0000\0008\000/\0002\0004\000\040\000-\000\040\0000\0008\000/\0002\0008\000\040\000:\000\040\000I\000n\000t\000r\000o\000d\000u\000c\000t\000i\000o\000n\000\040\000a\000n\000d\000\040\000W\000h\000a\000t\000\040\000i\000s\000\040\000P\000e\000r\000s\000o\000n\000a\000l\000i\000t\000y}{section*.18}% 19
\BOOKMARK [2][-]{subsection*.20}{\376\377\000W\000e\000e\000k\000\040\0000\0002\000,\000\040\0000\0008\000/\0003\0001\000\040\000-\000\040\0000\0009\000/\0000\0004\000\040\000:\000\040\000R\000e\000s\000e\000a\000r\000c\000h\000\040\000D\000e\000s\000i\000g\000n\000\040\000i\000n\000\040\000P\000e\000r\000s\000o\000n\000a\000l\000i\000t\000y}{section*.18}% 20
\BOOKMARK [2][-]{subsection*.21}{\376\377\000W\000e\000e\000k\000\040\0000\0003\000,\000\040\0000\0009\000/\0000\0007\000\040\000-\000\040\0000\0009\000/\0001\0001\000\040\000:\000\040\000P\000e\000r\000s\000o\000n\000a\000l\000i\000t\000y\000\040\000A\000s\000s\000e\000s\000s\000m\000e\000n\000t\000\040\000a\000n\000d\000\040\000T\000e\000s\000t\000i\000n\000g\000\040\000C\000o\000n\000t\000r\000o\000v\000e\000r\000s\000i\000e\000s}{section*.18}% 21
\BOOKMARK [2][-]{subsection*.22}{\376\377\000W\000e\000e\000k\000\040\0000\0004\000,\000\040\0000\0009\000/\0001\0004\000\040\000-\000\040\0000\0009\000/\0001\0008\000\040\000:\000\040\000H\000o\000w\000\040\000d\000o\000\040\000p\000e\000o\000p\000l\000e\000\040\000d\000i\000f\000f\000e\000r\000?\000\040\000T\000r\000a\000i\000t\000\040\000A\000p\000p\000r\000o\000a\000c\000h}{section*.18}% 22
\BOOKMARK [2][-]{subsection*.23}{\376\377\000W\000e\000e\000k\000\040\0000\0005\000,\000\040\0000\0009\000/\0002\0001\000\040\000-\000\040\0000\0009\000/\0002\0005\000\040\000:\000\040\000B\000i\000g\000\040\000F\000i\000v\000e\000\040\000\046\000\040\000T\000e\000s\000t\000\040\0001}{section*.18}% 23
\BOOKMARK [2][-]{subsection*.24}{\376\377\000W\000e\000e\000k\000\040\0000\0006\000,\000\040\0000\0009\000/\0002\0008\000\040\000-\000\040\0001\0000\000/\0000\0002\000\040\000:\000\040\000B\000i\000o\000l\000o\000g\000i\000c\000a\000l\000\040\000a\000n\000d\000\040\000G\000e\000n\000e\000t\000i\000c\000\040\000A\000p\000p\000r\000o\000a\000c\000h\000e\000s\000\040\000t\000o\000\040\000P\000s\000y\000c\000h\000o\000l\000o\000g\000y}{section*.18}% 24
\BOOKMARK [2][-]{subsection*.25}{\376\377\000W\000e\000e\000k\000\040\0000\0007\000,\000\040\0001\0000\000/\0000\0005\000\040\000-\000\040\0001\0000\000/\0000\0009\000\040\000:\000\040\000E\000v\000o\000l\000u\000t\000i\000o\000n\000a\000r\000y\000\040\000P\000s\000y\000c\000h\000o\000l\000o\000g\000y}{section*.18}% 25
\BOOKMARK [2][-]{subsection*.26}{\376\377\000W\000e\000e\000k\000\040\0000\0008\000,\000\040\0001\0000\000/\0001\0002\000\040\000-\000\040\0001\0000\000/\0001\0006\000\040\000:\000\040\000P\000e\000r\000s\000o\000n\000a\000l\000i\000t\000y\000\040\000o\000v\000e\000r\000\040\000t\000h\000e\000\040\000L\000i\000f\000e\000s\000p\000a\000n}{section*.18}% 26
\BOOKMARK [2][-]{subsection*.27}{\376\377\000W\000e\000e\000k\000\040\0000\0009\000,\000\040\0001\0000\000/\0001\0009\000\040\000-\000\040\0001\0000\000/\0002\0003\000\040\000:\000\040\000S\000p\000r\000i\000n\000g\000\040\000B\000r\000e\000a\000k}{section*.18}% 27
\BOOKMARK [2][-]{subsection*.28}{\376\377\000W\000e\000e\000k\000\040\0001\0000\000,\000\040\0001\0000\000/\0002\0006\000\040\000-\000\040\0001\0000\000/\0003\0000\000\040\000:\000\040\000P\000e\000r\000s\000o\000n\000a\000l\000i\000t\000y\000\040\000P\000r\000o\000c\000e\000s\000s\000e\000s}{section*.18}% 28
\BOOKMARK [2][-]{subsection*.29}{\376\377\000W\000e\000e\000k\000\040\0001\0001\000,\000\040\0001\0001\000/\0000\0002\000\040\000-\000\040\0001\0001\000/\0000\0006\000\040\000:\000\040\000T\000h\000e\000\040\000S\000e\000l\000f}{section*.18}% 29
\BOOKMARK [2][-]{subsection*.30}{\376\377\000W\000e\000e\000k\000\040\0001\0002\000,\000\040\0001\0001\000/\0000\0009\000\040\000-\000\040\0001\0001\000/\0001\0003\000\040\000:\000\040\000F\000r\000e\000u\000d}{section*.18}% 30
\BOOKMARK [2][-]{subsection*.31}{\376\377\000W\000e\000e\000k\000\040\0001\0003\000,\000\040\0001\0001\000/\0001\0006\000\040\000-\000\040\0001\0001\000/\0002\0000\000\040\000:\000\040\000P\000o\000s\000i\000t\000i\000v\000e\000\040\000P\000s\000y\000c\000h\000o\000l\000o\000g\000y}{section*.18}% 31
\BOOKMARK [2][-]{subsection*.32}{\376\377\000W\000e\000e\000k\000\040\0001\0004\000,\000\040\0001\0001\000/\0002\0003\000\040\000-\000\040\0001\0001\000/\0002\0007\000\040\000:\000\040\000C\000r\000o\000s\000s\000-\000C\000u\000l\000t\000u\000r\000a\000l\000\040\000P\000s\000y\000c\000h\000o\000l\000o\000g\000y}{section*.18}% 32
\BOOKMARK [2][-]{subsection*.33}{\376\377\000W\000e\000e\000k\000\040\0001\0005\000,\000\040\0001\0001\000/\0003\0000\000\040\000-\000\040\0001\0002\000/\0000\0004\000\040\000:\000\040\000P\000e\000r\000s\000o\000n\000a\000l\000i\000t\000y\000\040\000a\000n\000d\000\040\000H\000e\000a\000l\000t\000h}{section*.18}% 33
\BOOKMARK [2][-]{subsection*.34}{\376\377\000W\000e\000e\000k\000\040\0001\0006\000,\000\040\0001\0002\000/\0000\0007\000\040\000-\000\040\0001\0002\000/\0001\0001\000\040\000:\000\040\000S\000p\000e\000c\000i\000a\000l\000\040\000T\000o\000p\000i\000c\000s\000\040\000a\000n\000d\000\040\000R\000e\000v\000i\000e\000w}{section*.18}% 34
\BOOKMARK [2][-]{subsection*.35}{\376\377\000F\000i\000n\000a\000l\000\040\000E\000x\000a\000m}{section*.18}% 35
\BOOKMARK [1][-]{subsection*.35}{\376\377\000R\000e\000f\000e\000r\000e\000n\000c\000e\000s}{}% 36
