\BOOKMARK [1][-]{section*.1}{\376\377\000C\000o\000u\000r\000s\000e\000\040\000D\000e\000s\000c\000r\000i\000p\000t\000i\000o\000n}{}% 1
\BOOKMARK [2][-]{subsection*.2}{\376\377\000B\000r\000o\000a\000d\000\040\000g\000o\000a\000l\000s\000\040\000f\000o\000r\000\040\000t\000h\000e\000\040\000c\000o\000u\000r\000s\000e\000:}{section*.1}% 2
\BOOKMARK [1][-]{section*.3}{\376\377\000R\000e\000q\000u\000i\000r\000e\000d\000\040\000M\000a\000t\000e\000r\000i\000a\000l\000s}{}% 3
\BOOKMARK [2][-]{subsubsection*.4}{\376\377\000H\000o\000w\000\040\000t\000o\000\040\000u\000s\000e\000\040\000t\000h\000e\000\040\000r\000e\000q\000u\000i\000r\000e\000d\000\040\000t\000e\000x\000t\000:}{section*.3}% 4
\BOOKMARK [1][-]{section*.5}{\376\377\000C\000o\000u\000r\000s\000e\000\040\000A\000s\000s\000i\000g\000n\000m\000e\000n\000t\000s}{}% 5
\BOOKMARK [2][-]{subsection*.6}{\376\377\000I\000n\000d\000i\000v\000i\000d\000u\000a\000l\000\040\000d\000a\000t\000a\000\040\000P\000r\000o\000j\000e\000c\000t}{section*.5}% 6
\BOOKMARK [2][-]{subsection*.7}{\376\377\000Q\000u\000i\000z}{section*.5}% 7
\BOOKMARK [2][-]{subsection*.8}{\376\377\000P\000r\000e\000s\000e\000n\000t\000a\000t\000i\000o\000n\000s}{section*.5}% 8
\BOOKMARK [2][-]{subsection*.9}{\376\377\000B\000o\000o\000k\000\040\000R\000e\000v\000i\000e\000w}{section*.5}% 9
\BOOKMARK [2][-]{subsection*.10}{\376\377\000P\000o\000r\000t\000f\000o\000l\000i\000o}{section*.5}% 10
\BOOKMARK [3][-]{subsubsection*.11}{\376\377\000Q\000u\000i\000z\000\040\000D\000a\000t\000e\000s}{subsection*.10}% 11
\BOOKMARK [2][-]{subsection*.12}{\376\377\000E\000n\000g\000a\000g\000e\000m\000e\000n\000t\000\040\000A\000c\000t\000i\000v\000i\000t\000i\000e\000s}{section*.5}% 12
\BOOKMARK [2][-]{subsection*.13}{\376\377\000G\000r\000a\000d\000i\000n\000g\000\040\000P\000o\000l\000i\000c\000y}{section*.5}% 13
\BOOKMARK [1][-]{section*.14}{\376\377\000C\000o\000u\000r\000s\000e\000\040\000P\000o\000l\000i\000c\000i\000e\000s}{}% 14
\BOOKMARK [2][-]{subsection*.15}{\376\377\000C\000l\000a\000s\000s\000\040\000P\000r\000e\000s\000e\000n\000c\000e\000\040\000a\000n\000d\000\040\000P\000a\000r\000t\000i\000c\000i\000p\000a\000t\000i\000o\000n\000.}{section*.14}% 15
\BOOKMARK [3][-]{subsubsection*.16}{\376\377\000E\000x\000c\000u\000s\000e\000d\000\040\000a\000b\000s\000e\000n\000c\000e\000s}{subsection*.15}% 16
\BOOKMARK [2][-]{subsection*.17}{\376\377\000A\000c\000a\000d\000e\000m\000i\000c\000\040\000D\000i\000s\000h\000o\000n\000e\000s\000t\000y\000\040\000P\000o\000l\000i\000c\000y}{section*.14}% 17
\BOOKMARK [2][-]{subsection*.18}{\376\377\000A\000c\000c\000o\000m\000m\000o\000d\000a\000t\000i\000o\000n\000s\000\040\000P\000o\000l\000i\000c\000y}{section*.14}% 18
\BOOKMARK [1][-]{section*.19}{\376\377\000P\000u\000b\000l\000i\000c\000\040\000H\000e\000a\000l\000t\000h\000\040\000i\000n\000\040\000t\000h\000e\000\040\000a\000g\000e\000\040\000o\000f\000\040\000C\000O\000V\000I\000D\000-\0001\0009}{}% 19
\BOOKMARK [1][-]{section*.20}{\376\377\000C\000l\000a\000s\000s\000r\000o\000o\000m\000\040\000C\000l\000i\000m\000a\000t\000e}{}% 20
\BOOKMARK [2][-]{subsection*.21}{\376\377\000D\000e\000p\000a\000r\000t\000m\000e\000n\000t\000\040\000S\000t\000a\000t\000e\000m\000e\000n\000t}{section*.20}% 21
\BOOKMARK [1][-]{section*.22}{\376\377\000T\000e\000n\000t\000a\000t\000i\000v\000e\000\040\000C\000l\000a\000s\000s\000\040\000S\000c\000h\000e\000d\000u\000l\000e}{}% 22
\BOOKMARK [2][-]{subsection*.23}{\376\377\000W\000e\000e\000k\000\040\0000\0001\000,\000\040\0000\0008\000/\0002\0004\000\040\000-\000\040\0000\0008\000/\0002\0008\000\040\000:\000\040\000I\000n\000t\000r\000o\000d\000u\000c\000t\000i\000o\000n\000\040\000a\000n\000d\000\040\000W\000h\000a\000t\000\040\000i\000s\000\040\000D\000a\000t\000a\000\040\000S\000c\000i\000e\000n\000c\000e}{section*.22}% 23
\BOOKMARK [2][-]{subsection*.24}{\376\377\000W\000e\000e\000k\000\040\0000\0002\000,\000\040\0000\0008\000/\0003\0001\000\040\000-\000\040\0000\0009\000/\0000\0004\000\040\000:\000\040\000G\000r\000a\000p\000h\000i\000c\000a\000l\000\040\000D\000a\000t\000a\000\040\000A\000n\000a\000l\000y\000s\000i\000s}{section*.22}% 24
\BOOKMARK [2][-]{subsection*.25}{\376\377\000W\000e\000e\000k\000\040\0000\0003\000,\000\040\0000\0009\000/\0000\0007\000\040\000-\000\040\0000\0009\000/\0001\0001\000\040\000:\000\040\000G\000r\000a\000p\000h\000i\000c\000a\000l\000\040\000M\000a\000s\000t\000e\000r\000p\000i\000e\000c\000e\000s}{section*.22}% 25
\BOOKMARK [2][-]{subsection*.26}{\376\377\000W\000e\000e\000k\000\040\0000\0004\000,\000\040\0000\0009\000/\0001\0004\000\040\000-\000\040\0000\0009\000/\0001\0008\000\040\000:\000\040\000S\000c\000a\000t\000t\000e\000r\000p\000l\000o\000t\000s\000\040\000a\000n\000d\000\040\000C\000o\000r\000r\000e\000l\000a\000t\000i\000o\000n\000s}{section*.22}% 26
\BOOKMARK [2][-]{subsection*.27}{\376\377\000W\000e\000e\000k\000\040\0000\0005\000,\000\040\0000\0009\000/\0002\0001\000\040\000-\000\040\0000\0009\000/\0002\0005\000\040\000:\000\040\000Q\000u\000i\000z\000\040\0001}{section*.22}% 27
\BOOKMARK [2][-]{subsection*.28}{\376\377\000W\000e\000e\000k\000\040\0000\0006\000,\000\040\0000\0009\000/\0002\0008\000\040\000-\000\040\0001\0000\000/\0000\0002\000\040\000:\000\040\000E\000x\000p\000l\000o\000r\000a\000t\000o\000r\000y\000\040\000D\000a\000t\000a\000\040\000A\000n\000a\000l\000y\000s\000i\000s}{section*.22}% 28
\BOOKMARK [2][-]{subsection*.29}{\376\377\000W\000e\000e\000k\000\040\0000\0007\000,\000\040\0001\0000\000/\0000\0005\000\040\000-\000\040\0001\0000\000/\0000\0009\000\040\000:\000\040\000D\000a\000t\000a\000\040\000T\000r\000a\000n\000s\000f\000o\000r\000m\000a\000t\000i\000o\000n\000s}{section*.22}% 29
\BOOKMARK [2][-]{subsection*.30}{\376\377\000W\000e\000e\000k\000\040\0000\0008\000,\000\040\0001\0000\000/\0001\0002\000\040\000-\000\040\0001\0000\000/\0001\0006\000\040\000:\000\040\000R\000o\000b\000u\000s\000t\000n\000e\000s\000s\000\040\000a\000n\000d\000\040\000R\000e\000s\000i\000s\000t\000e\000n\000c\000e}{section*.22}% 30
\BOOKMARK [2][-]{subsection*.31}{\376\377\000W\000e\000e\000k\000\040\0000\0009\000,\000\040\0001\0000\000/\0001\0009\000\040\000-\000\040\0001\0000\000/\0002\0003\000\040\000:\000\040\000R\000e\000p\000l\000i\000c\000a\000t\000i\000o\000n}{section*.22}% 31
\BOOKMARK [2][-]{subsection*.32}{\376\377\000W\000e\000e\000k\000\040\0001\0000\000,\000\040\0001\0000\000/\0002\0006\000\040\000-\000\040\0001\0000\000/\0003\0000\000\040\000:\000\040\000Q\000u\000i\000z\000\040\0002}{section*.22}% 32
\BOOKMARK [2][-]{subsection*.33}{\376\377\000W\000e\000e\000k\000\040\0001\0001\000,\000\040\0001\0001\000/\0000\0002\000\040\000-\000\040\0001\0001\000/\0000\0006\000\040\000:\000\040\000M\000o\000d\000e\000r\000n\000\040\000D\000a\000t\000a\000\040\000S\000c\000i\000e\000n\000c\000e}{section*.22}% 33
\BOOKMARK [2][-]{subsection*.34}{\376\377\000W\000e\000e\000k\000\040\0001\0002\000,\000\040\0001\0001\000/\0000\0009\000\040\000-\000\040\0001\0001\000/\0001\0003\000\040\000:\000\040\000A\000r\000c\000h\000i\000v\000a\000l\000\040\000D\000a\000t\000a}{section*.22}% 34
\BOOKMARK [2][-]{subsection*.35}{\376\377\000W\000e\000e\000k\000\040\0001\0003\000,\000\040\0001\0001\000/\0001\0006\000\040\000-\000\040\0001\0001\000/\0002\0000\000\040\000:\000\040\000D\000a\000t\000a\000\040\000m\000i\000n\000i\000n\000g\000\040\000a\000n\000d\000\040\000C\000A\000R\000T}{section*.22}% 35
\BOOKMARK [2][-]{subsection*.36}{\376\377\000W\000e\000e\000k\000\040\0001\0004\000,\000\040\0001\0001\000/\0002\0003\000\040\000-\000\040\0001\0001\000/\0002\0007\000\040\000:\000\040\000S\000p\000e\000c\000i\000a\000l\000\040\000T\000o\000p\000i\000c\000s}{section*.22}% 36
\BOOKMARK [2][-]{subsection*.37}{\376\377\000W\000e\000e\000k\000\040\0001\0005\000,\000\040\0001\0001\000/\0003\0000\000\040\000-\000\040\0001\0002\000/\0000\0004\000\040\000:\000\040\000S\000p\000e\000c\000i\000a\000l\000\040\000T\000o\000p\000i\000c\000s}{section*.22}% 37
\BOOKMARK [1][-]{section*.38}{\376\377\000R\000e\000f\000e\000r\000e\000n\000c\000e\000s}{}% 38
